2025-04-04 17:33:32,758 [INFO] FARE: Database connection established successfully.
2025-04-04 17:33:32,759 [INFO] FARE: Initialized scraper for site: FARE
2025-04-04 17:33:32,759 [INFO] FARE: Fetching URL: https://www.foodallergy.org/our-initiatives/awareness-campaigns/living-teal/feasting-fare
2025-04-04 17:33:34,315 [INFO] FARE: Found 124 unique recipe links for site 'FARE'.
2025-04-04 17:33:34,315 [INFO] FARE: Fetching URL: https://www.foodallergy.org/resources/feasting-fare-sweet-potato-casserole
2025-04-04 17:33:34,780 [INFO] FARE: Saved recipe: 'Feasting With FARE: Sweet Potato Casserole' (URL: https://www.foodallergy.org/resources/feasting-fare-sweet-potato-casserole)
2025-04-04 17:33:34,780 [INFO] FARE: Fetching URL: https://www.foodallergy.org/resources/feasting-fare-top-9-free-nachos
2025-04-04 17:33:35,324 [INFO] FARE: Saved recipe: 'Feasting With FARE: Top 9 Free Nachos' (URL: https://www.foodallergy.org/resources/feasting-fare-top-9-free-nachos)
2025-04-04 17:33:35,324 [INFO] FARE: Fetching URL: https://www.foodallergy.org/resources/feasting-fare-chickpea-burgers
2025-04-04 17:33:35,879 [INFO] FARE: Saved recipe: 'Feasting With FARE: Chickpea Burgers' (URL: https://www.foodallergy.org/resources/feasting-fare-chickpea-burgers)
2025-04-04 17:33:35,879 [INFO] FARE: Fetching URL: https://www.foodallergy.org/resources/feasting-fare-dorm-nachos
2025-04-04 17:33:36,565 [INFO] FARE: Saved recipe: 'Feasting With FARE: Dorm Nachos' (URL: https://www.foodallergy.org/resources/feasting-fare-dorm-nachos)
2025-04-04 17:33:36,565 [INFO] FARE: Fetching URL: https://www.foodallergy.org/resources/feasting-fare-pumpkin-pancakes
2025-04-04 17:33:37,337 [INFO] FARE: Saved recipe: 'Feasting With FARE: Pumpkin Pancakes' (URL: https://www.foodallergy.org/resources/feasting-fare-pumpkin-pancakes)
2025-04-04 17:33:37,338 [INFO] FARE: Fetching URL: https://www.foodallergy.org/resources/feasting-fare-taquitos
2025-04-04 17:33:38,019 [INFO] FARE: Saved recipe: 'Feasting With FARE: Taquitos' (URL: https://www.foodallergy.org/resources/feasting-fare-taquitos)
2025-04-04 17:33:38,019 [INFO] FARE: Fetching URL: https://www.foodallergy.org/resources/feasting-fare-chicken-thighs-kale-and-cabbage
2025-04-04 17:33:38,627 [INFO] FARE: Saved recipe: 'Feasting With FARE: Chicken Thighs With Kale and Cabbage' (URL: https://www.foodallergy.org/resources/feasting-fare-chicken-thighs-kale-and-cabbage)
2025-04-04 17:33:38,628 [INFO] FARE: Fetching URL: https://www.foodallergy.org/resources/feasting-fare-pancakes
2025-04-04 17:33:39,102 [INFO] FARE: Saved recipe: 'Feasting With FARE: Pancakes' (URL: https://www.foodallergy.org/resources/feasting-fare-pancakes)
2025-04-04 17:33:39,102 [INFO] FARE: Fetching URL: https://www.foodallergy.org/resources/feasting-fare-nut-free-granola
2025-04-04 17:33:39,802 [INFO] FARE: Saved recipe: 'Feasting With FARE: Nut-Free Granola' (URL: https://www.foodallergy.org/resources/feasting-fare-nut-free-granola)
2025-04-04 17:33:39,803 [INFO] FARE: Fetching URL: https://www.foodallergy.org/resources/feasting-fare-creme-brulee
2025-04-04 17:33:40,778 [INFO] FARE: Saved recipe: 'Feasting With FARE: Creme Brulee' (URL: https://www.foodallergy.org/resources/feasting-fare-creme-brulee)
2025-04-04 17:33:40,779 [INFO] FARE: Fetching URL: https://www.foodallergy.org/resources/feasting-fare-top-10-free-halloween-cookies
2025-04-04 17:33:41,263 [INFO] FARE: Saved recipe: 'Feasting With FARE: Top 10 Free Halloween Cookies' (URL: https://www.foodallergy.org/resources/feasting-fare-top-10-free-halloween-cookies)
2025-04-04 17:33:41,263 [INFO] FARE: Fetching URL: https://www.foodallergy.org/resources/feasting-fare-santorini-fava
2025-04-04 17:33:41,796 [INFO] FARE: Saved recipe: 'Feasting with FARE: Santorini Fava' (URL: https://www.foodallergy.org/resources/feasting-fare-santorini-fava)
2025-04-04 17:33:41,797 [INFO] FARE: Fetching URL: https://www.foodallergy.org/resources/feasting-fare-creamiest-mashed-potatoes
2025-04-04 17:33:42,327 [INFO] FARE: Saved recipe: 'Feasting With FARE: Creamiest Mashed Potatoes' (URL: https://www.foodallergy.org/resources/feasting-fare-creamiest-mashed-potatoes)
2025-04-04 17:33:42,328 [INFO] FARE: Fetching URL: https://www.foodallergy.org/resources/feasting-fare-jeweled-quinoa
2025-04-04 17:33:42,935 [INFO] FARE: Saved recipe: 'Feasting with FARE: Jeweled Quinoa' (URL: https://www.foodallergy.org/resources/feasting-fare-jeweled-quinoa)
2025-04-04 17:33:42,935 [INFO] FARE: Fetching URL: https://www.foodallergy.org/resources/feasting-fare-salsa-verde
2025-04-04 17:33:43,386 [INFO] FARE: Saved recipe: 'Feasting With FARE: Salsa Verde' (URL: https://www.foodallergy.org/resources/feasting-fare-salsa-verde)
2025-04-04 17:33:43,387 [INFO] FARE: Fetching URL: https://www.foodallergy.org/resources/feasting-fare-funfetti-ice-cream-cone-cupcakes
2025-04-04 17:33:44,025 [INFO] FARE: Saved recipe: 'Feasting with FARE: Funfetti Ice Cream Cone Cupcakes' (URL: https://www.foodallergy.org/resources/feasting-fare-funfetti-ice-cream-cone-cupcakes)
2025-04-04 17:33:44,025 [INFO] FARE: Fetching URL: https://www.foodallergy.org/resources/feasting-fare-top-9-free-ceviche
2025-04-04 17:33:44,625 [INFO] FARE: Saved recipe: 'Feasting With FARE: Top 9 Free Ceviche' (URL: https://www.foodallergy.org/resources/feasting-fare-top-9-free-ceviche)
2025-04-04 17:33:44,625 [INFO] FARE: Fetching URL: https://www.foodallergy.org/resources/feasting-fare-sumac-grilled-lamb-chops-minted-chickpeas
2025-04-04 17:33:45,207 [INFO] FARE: Saved recipe: 'Feasting With FARE: Sumac Grilled Lamb Chops With Minted Chickpeas' (URL: https://www.foodallergy.org/resources/feasting-fare-sumac-grilled-lamb-chops-minted-chickpeas)
2025-04-04 17:33:45,207 [INFO] FARE: Fetching URL: https://www.foodallergy.org/resources/feasting-fare-top-9-free-grape-leaves
2025-04-04 17:33:45,725 [INFO] FARE: Saved recipe: 'Feasting With FARE: Top 9 Free Grape Leaves' (URL: https://www.foodallergy.org/resources/feasting-fare-top-9-free-grape-leaves)
2025-04-04 17:33:45,725 [INFO] FARE: Fetching URL: https://www.foodallergy.org/resources/feasting-fare-classic-roasted-turkey
2025-04-04 17:33:46,251 [INFO] FARE: Saved recipe: 'Feasting With FARE: Classic Roasted Turkey' (URL: https://www.foodallergy.org/resources/feasting-fare-classic-roasted-turkey)
2025-04-04 17:33:46,251 [INFO] FARE: Fetching URL: https://www.foodallergy.org/resources/feasting-fare-summer-berry-trifle
2025-04-04 17:33:46,801 [INFO] FARE: Saved recipe: 'Feasting With FARE: Summer Berry Trifle' (URL: https://www.foodallergy.org/resources/feasting-fare-summer-berry-trifle)
2025-04-04 17:33:46,801 [INFO] FARE: Fetching URL: https://www.foodallergy.org/resources/feasting-fare-potato-chip-chicken-tenders
2025-04-04 17:33:47,486 [INFO] FARE: Saved recipe: 'Feasting With FARE: Potato Chip Chicken Tenders' (URL: https://www.foodallergy.org/resources/feasting-fare-potato-chip-chicken-tenders)
2025-04-04 17:33:47,486 [INFO] FARE: Fetching URL: https://www.foodallergy.org/resources/feasting-fare-mac-n-cheese
2025-04-04 17:33:47,904 [INFO] FARE: Saved recipe: 'Feasting With FARE: Mac N' Cheese' (URL: https://www.foodallergy.org/resources/feasting-fare-mac-n-cheese)
2025-04-04 17:33:47,904 [INFO] FARE: Fetching URL: https://www.foodallergy.org/resources/feasting-fare-sprinkle-cookies
2025-04-04 17:33:48,644 [INFO] FARE: Saved recipe: 'Feasting With FARE: Sprinkle Cookies' (URL: https://www.foodallergy.org/resources/feasting-fare-sprinkle-cookies)
2025-04-04 17:33:48,645 [INFO] FARE: Fetching URL: https://www.foodallergy.org/resources/feasting-fare-holiday-bark
2025-04-04 17:33:49,314 [INFO] FARE: Saved recipe: 'Feasting With FARE: Holiday Bark' (URL: https://www.foodallergy.org/resources/feasting-fare-holiday-bark)
2025-04-04 17:33:49,314 [INFO] FARE: Fetching URL: https://www.foodallergy.org/resources/feasting-fare-game-day-cheese-less-taco-bake
2025-04-04 17:33:50,140 [INFO] FARE: Saved recipe: 'Feasting With FARE: Game Day Cheese-less Taco Bake' (URL: https://www.foodallergy.org/resources/feasting-fare-game-day-cheese-less-taco-bake)
2025-04-04 17:33:50,141 [INFO] FARE: Fetching URL: https://www.foodallergy.org/resources/feasting-fare-triple-lemon-cupcakes
2025-04-04 17:33:50,758 [INFO] FARE: Saved recipe: 'Feasting With FARE: Triple Lemon Cupcakes' (URL: https://www.foodallergy.org/resources/feasting-fare-triple-lemon-cupcakes)
2025-04-04 17:33:50,759 [INFO] FARE: Fetching URL: https://www.foodallergy.org/resources/top-9-allergen-free-thanksgiving-cookbook
2025-04-04 17:33:51,320 [INFO] FARE: Saved recipe: 'Top 9 Allergen Free Thanksgiving Cookbook' (URL: https://www.foodallergy.org/resources/top-9-allergen-free-thanksgiving-cookbook)
2025-04-04 17:33:51,321 [INFO] FARE: Fetching URL: https://www.foodallergy.org/resources/feasting-fare-potato-salad
2025-04-04 17:33:51,897 [INFO] FARE: Saved recipe: 'Feasting With FARE: Potato Salad' (URL: https://www.foodallergy.org/resources/feasting-fare-potato-salad)
2025-04-04 17:33:51,897 [INFO] FARE: Fetching URL: https://www.foodallergy.org/resources/feasting-fare-spooky-brownies
2025-04-04 17:33:52,524 [INFO] FARE: Saved recipe: 'Feasting With FARE: Spooky Brownies' (URL: https://www.foodallergy.org/resources/feasting-fare-spooky-brownies)
2025-04-04 17:33:52,524 [INFO] FARE: Fetching URL: https://www.foodallergy.org/resources/feasting-fare-strawberries-and-cream-protein-popsicles
2025-04-04 17:33:53,145 [INFO] FARE: Saved recipe: 'Feasting With FARE: Strawberries and Cream Protein Popsicles' (URL: https://www.foodallergy.org/resources/feasting-fare-strawberries-and-cream-protein-popsicles)
2025-04-04 17:33:53,145 [INFO] FARE: Fetching URL: https://www.foodallergy.org/resources/feasting-fare-rice-krispy-reindeer
2025-04-04 17:33:53,677 [INFO] FARE: Saved recipe: 'Feasting With FARE: Rice Krispy Reindeer' (URL: https://www.foodallergy.org/resources/feasting-fare-rice-krispy-reindeer)
2025-04-04 17:33:53,678 [INFO] FARE: Fetching URL: https://www.foodallergy.org/resources/feasting-fare-rainbow-rusks-south-african-biscotti
2025-04-04 17:33:54,113 [INFO] FARE: Saved recipe: 'Feasting With FARE: Rainbow Rusks (South African Biscotti)' (URL: https://www.foodallergy.org/resources/feasting-fare-rainbow-rusks-south-african-biscotti)
2025-04-04 17:33:54,114 [INFO] FARE: Fetching URL: https://www.foodallergy.org/resources/feasting-fare-chocolate-rice-crispy-bars
2025-04-04 17:33:54,631 [INFO] FARE: Saved recipe: 'Feasting with FARE: Chocolate Rice Crispy Bars' (URL: https://www.foodallergy.org/resources/feasting-fare-chocolate-rice-crispy-bars)
2025-04-04 17:33:54,632 [INFO] FARE: Fetching URL: https://www.foodallergy.org/resources/feasting-fare-smores-bars
2025-04-04 17:33:55,185 [INFO] FARE: Saved recipe: 'Feasting With FARE: S'mores Bars' (URL: https://www.foodallergy.org/resources/feasting-fare-smores-bars)
2025-04-04 17:33:55,185 [INFO] FARE: Fetching URL: https://www.foodallergy.org/resources/feasting-fare-lemon-cake
2025-04-04 17:33:55,609 [INFO] FARE: Saved recipe: 'Feasting With FARE: Lemon Cake' (URL: https://www.foodallergy.org/resources/feasting-fare-lemon-cake)
2025-04-04 17:33:55,609 [INFO] FARE: Fetching URL: https://www.foodallergy.org/resources/feasting-fare-turkey-gravy
2025-04-04 17:33:56,020 [INFO] FARE: Saved recipe: 'Feasting With FARE: Turkey Gravy' (URL: https://www.foodallergy.org/resources/feasting-fare-turkey-gravy)
2025-04-04 17:33:56,021 [INFO] FARE: Fetching URL: https://www.foodallergy.org/resources/feasting-fare-austrian-mushroom-goulash-potato-dumplings
2025-04-04 17:33:56,515 [INFO] FARE: Saved recipe: 'Feasting With FARE: Austrian Mushroom Goulash with Potato Dumplings' (URL: https://www.foodallergy.org/resources/feasting-fare-austrian-mushroom-goulash-potato-dumplings)
2025-04-04 17:33:56,515 [INFO] FARE: Fetching URL: https://www.foodallergy.org/resources/feasting-fare-sunflower-seed-cranberry-cookies
2025-04-04 17:33:56,940 [INFO] FARE: Saved recipe: 'Feasting With FARE: Sunflower Seed Cranberry Cookies' (URL: https://www.foodallergy.org/resources/feasting-fare-sunflower-seed-cranberry-cookies)
2025-04-04 17:33:56,940 [INFO] FARE: Fetching URL: https://www.foodallergy.org/resources/feasting-fare-grilled-cheese
2025-04-04 17:33:57,366 [INFO] FARE: Saved recipe: 'Feasting With FARE: Grilled Cheese' (URL: https://www.foodallergy.org/resources/feasting-fare-grilled-cheese)
2025-04-04 17:33:57,366 [INFO] FARE: Fetching URL: https://www.foodallergy.org/resources/feasting-fare-sichuan-style-eggplant-peppers-stir-fry
2025-04-04 17:33:57,906 [INFO] FARE: Saved recipe: 'Feasting with FARE: Sichuan-Style Eggplant & Peppers Stir Fry' (URL: https://www.foodallergy.org/resources/feasting-fare-sichuan-style-eggplant-peppers-stir-fry)
2025-04-04 17:33:57,906 [INFO] FARE: Fetching URL: https://www.foodallergy.org/resources/feasting-fare-chocolate-free-brownies
2025-04-04 17:33:58,445 [INFO] FARE: Saved recipe: 'Feasting With FARE: Chocolate-Free Brownies' (URL: https://www.foodallergy.org/resources/feasting-fare-chocolate-free-brownies)
2025-04-04 17:33:58,445 [INFO] FARE: Fetching URL: https://www.foodallergy.org/resources/feasting-fare-creamed-spinach
2025-04-04 17:33:58,863 [INFO] FARE: Saved recipe: 'Feasting with FARE: Creamed Spinach' (URL: https://www.foodallergy.org/resources/feasting-fare-creamed-spinach)
2025-04-04 17:33:58,863 [INFO] FARE: Fetching URL: https://www.foodallergy.org/resources/feasting-fare-honey-mustard-fall-veggies
2025-04-04 17:33:59,364 [INFO] FARE: Saved recipe: 'Feasting With FARE: Honey Mustard Fall Veggies' (URL: https://www.foodallergy.org/resources/feasting-fare-honey-mustard-fall-veggies)
2025-04-04 17:33:59,365 [INFO] FARE: Fetching URL: https://www.foodallergy.org/resources/feasting-fare-allergy-friendly-spice-cake
2025-04-04 17:33:59,791 [INFO] FARE: Saved recipe: 'Feasting with FARE: Allergy-Friendly Spice Cake' (URL: https://www.foodallergy.org/resources/feasting-fare-allergy-friendly-spice-cake)
2025-04-04 17:33:59,791 [INFO] FARE: Fetching URL: https://www.foodallergy.org/resources/feasting-fare-chocolate-chip-pumpkin-bread
2025-04-04 17:34:00,400 [INFO] FARE: Saved recipe: 'Feasting With FARE: Chocolate Chip Pumpkin Bread' (URL: https://www.foodallergy.org/resources/feasting-fare-chocolate-chip-pumpkin-bread)
2025-04-04 17:34:00,401 [INFO] FARE: Fetching URL: https://www.foodallergy.org/resources/feasting-fare-red-velvet-cake-truffles
2025-04-04 17:34:00,932 [INFO] FARE: Saved recipe: 'Feasting With FARE: Red Velvet Cake Truffles' (URL: https://www.foodallergy.org/resources/feasting-fare-red-velvet-cake-truffles)
2025-04-04 17:34:00,932 [INFO] FARE: Fetching URL: https://www.foodallergy.org/resources/feasting-fare-strawberry-chia-seed-parfaits
2025-04-04 17:34:01,427 [INFO] FARE: Saved recipe: 'Feasting With FARE: Strawberry Chia Seed Parfaits' (URL: https://www.foodallergy.org/resources/feasting-fare-strawberry-chia-seed-parfaits)
2025-04-04 17:34:01,427 [INFO] FARE: Fetching URL: https://www.foodallergy.org/resources/feasting-fare-quinoa-tabbouleh-salad
2025-04-04 17:34:01,952 [INFO] FARE: Saved recipe: 'Feasting with FARE: Quinoa Tabbouleh Salad' (URL: https://www.foodallergy.org/resources/feasting-fare-quinoa-tabbouleh-salad)
2025-04-04 17:34:01,953 [INFO] FARE: Fetching URL: https://www.foodallergy.org/resources/feasting-fare-jerk-jackfruit-and-mango-chutney
2025-04-04 17:34:02,593 [INFO] FARE: Saved recipe: 'Feasting With FARE: Jerk Jackfruit and Mango Chutney' (URL: https://www.foodallergy.org/resources/feasting-fare-jerk-jackfruit-and-mango-chutney)
2025-04-04 17:34:02,594 [INFO] FARE: Fetching URL: https://www.foodallergy.org/resources/feasting-fare-lollipop-cookies
2025-04-04 17:34:03,086 [INFO] FARE: Saved recipe: 'Feasting With FARE: Lollipop Cookies' (URL: https://www.foodallergy.org/resources/feasting-fare-lollipop-cookies)
2025-04-04 17:34:03,087 [INFO] FARE: Fetching URL: https://www.foodallergy.org/resources/feasting-fare-red-thai-curry
2025-04-04 17:34:03,685 [INFO] FARE: Saved recipe: 'Feasting With FARE: Red Thai Curry' (URL: https://www.foodallergy.org/resources/feasting-fare-red-thai-curry)
2025-04-04 17:34:03,685 [INFO] FARE: Fetching URL: https://www.foodallergy.org/resources/feasting-fare-mug-cake
2025-04-04 17:34:04,275 [INFO] FARE: Saved recipe: 'Feasting With FARE: Mug Cake' (URL: https://www.foodallergy.org/resources/feasting-fare-mug-cake)
2025-04-04 17:34:04,275 [INFO] FARE: Fetching URL: https://www.foodallergy.org/resources/feasting-fare-scalloped-potatoes
2025-04-04 17:34:04,815 [INFO] FARE: Saved recipe: 'Feasting With FARE: Scalloped Potatoes' (URL: https://www.foodallergy.org/resources/feasting-fare-scalloped-potatoes)
2025-04-04 17:34:04,815 [INFO] FARE: Fetching URL: https://www.foodallergy.org/resources/feasting-fare-chocolate-chip-cookies-0
2025-04-04 17:34:05,342 [INFO] FARE: Saved recipe: 'Feasting With FARE: Chocolate Chip Cookies' (URL: https://www.foodallergy.org/resources/feasting-fare-chocolate-chip-cookies-0)
2025-04-04 17:34:05,342 [INFO] FARE: Fetching URL: https://www.foodallergy.org/our-initiatives/awareness-campaigns/living-teal/living-tealtm-videos/bite-sized-snacks
2025-04-04 17:34:05,955 [INFO] FARE: Saved recipe: 'Bite-Sized Snacks' (URL: https://www.foodallergy.org/our-initiatives/awareness-campaigns/living-teal/living-tealtm-videos/bite-sized-snacks)
2025-04-04 17:34:05,955 [INFO] FARE: Fetching URL: https://www.foodallergy.org/resources/feasting-fare-veggie-tacos
2025-04-04 17:34:06,498 [INFO] FARE: Saved recipe: 'Feasting With FARE: Veggie Tacos' (URL: https://www.foodallergy.org/resources/feasting-fare-veggie-tacos)
2025-04-04 17:34:06,498 [INFO] FARE: Fetching URL: https://www.foodallergy.org/resources/feasting-fare-onion-bhaji-simon-majumdar
2025-04-04 17:34:07,071 [INFO] FARE: Saved recipe: 'Feasting With FARE: Onion Bhaji by Simon Majumdar' (URL: https://www.foodallergy.org/resources/feasting-fare-onion-bhaji-simon-majumdar)
2025-04-04 17:34:07,071 [INFO] FARE: Fetching URL: https://www.foodallergy.org/resources/feasting-fare-3-ways-eat-granola
2025-04-04 17:34:07,680 [INFO] FARE: Saved recipe: 'Feasting With FARE: 3 Ways to Eat Granola' (URL: https://www.foodallergy.org/resources/feasting-fare-3-ways-eat-granola)
2025-04-04 17:34:07,680 [INFO] FARE: Fetching URL: https://www.foodallergy.org/resources/feasting-fare-top-9-free-perfect-pumpkin-soup
2025-04-04 17:34:08,185 [INFO] FARE: Saved recipe: 'Feasting With FARE: Top 9 Free Perfect Pumpkin Soup' (URL: https://www.foodallergy.org/resources/feasting-fare-top-9-free-perfect-pumpkin-soup)
2025-04-04 17:34:08,186 [INFO] FARE: Fetching URL: https://www.foodallergy.org/resources/feasting-fare-dairy-free-ice-cream
2025-04-04 17:34:08,645 [INFO] FARE: Saved recipe: 'Feasting With FARE: Dairy-Free Ice Cream' (URL: https://www.foodallergy.org/resources/feasting-fare-dairy-free-ice-cream)
2025-04-04 17:34:08,645 [INFO] FARE: Fetching URL: https://www.foodallergy.org/resources/feasting-fare-roasted-holiday-curried-pumpkin-seeds
2025-04-04 17:34:09,217 [INFO] FARE: Saved recipe: 'Feasting With FARE: Roasted Holiday Curried Pumpkin Seeds' (URL: https://www.foodallergy.org/resources/feasting-fare-roasted-holiday-curried-pumpkin-seeds)
2025-04-04 17:34:09,218 [INFO] FARE: Fetching URL: https://www.foodallergy.org/resources/feasting-fare-tie-dye-explosion-cake
2025-04-04 17:34:09,819 [INFO] FARE: Saved recipe: 'Feasting with FARE: Tie Dye Explosion Cake' (URL: https://www.foodallergy.org/resources/feasting-fare-tie-dye-explosion-cake)
2025-04-04 17:34:09,819 [INFO] FARE: Fetching URL: https://www.foodallergy.org/resources/feasting-fare-lemon-herb-spatchcock-chicken-arugula-salsa-verde
2025-04-04 17:34:10,288 [INFO] FARE: Saved recipe: 'Feasting With FARE: Lemon–Herb Spatchcock Chicken with Arugula Salsa Verde' (URL: https://www.foodallergy.org/resources/feasting-fare-lemon-herb-spatchcock-chicken-arugula-salsa-verde)
2025-04-04 17:34:10,288 [INFO] FARE: Fetching URL: https://www.foodallergy.org/resources/feasting-fare-vegetable-biryani
2025-04-04 17:34:11,238 [INFO] FARE: Saved recipe: 'Feasting With FARE: Vegetable Biryani' (URL: https://www.foodallergy.org/resources/feasting-fare-vegetable-biryani)
2025-04-04 17:34:11,239 [INFO] FARE: Fetching URL: https://www.foodallergy.org/resources/feasting-fare-nice-cream-sundaes
2025-04-04 17:34:11,900 [INFO] FARE: Saved recipe: 'Feasting With FARE: Nice Cream Sundaes' (URL: https://www.foodallergy.org/resources/feasting-fare-nice-cream-sundaes)
2025-04-04 17:34:11,900 [INFO] FARE: Fetching URL: https://www.foodallergy.org/resources/feasting-fare-channa-masala
2025-04-04 17:34:12,511 [INFO] FARE: Saved recipe: 'Feasting With FARE: Channa Masala' (URL: https://www.foodallergy.org/resources/feasting-fare-channa-masala)
2025-04-04 17:34:12,511 [INFO] FARE: Fetching URL: https://www.foodallergy.org/resources/feasting-fare-potato-latkes
2025-04-04 17:34:13,120 [INFO] FARE: Saved recipe: 'Feasting With FARE: Potato Latkes' (URL: https://www.foodallergy.org/resources/feasting-fare-potato-latkes)
2025-04-04 17:34:13,120 [INFO] FARE: Fetching URL: https://www.foodallergy.org/resources/feasting-fare-mashed-potatoes
2025-04-04 17:34:13,642 [INFO] FARE: Saved recipe: 'Feasting With FARE: Mashed Potatoes' (URL: https://www.foodallergy.org/resources/feasting-fare-mashed-potatoes)
2025-04-04 17:34:13,642 [INFO] FARE: Fetching URL: https://www.foodallergy.org/resources/feasting-fare-red-velvet-waffles
2025-04-04 17:34:14,259 [INFO] FARE: Saved recipe: 'Feasting With FARE: Red Velvet Waffles' (URL: https://www.foodallergy.org/resources/feasting-fare-red-velvet-waffles)
2025-04-04 17:34:14,259 [INFO] FARE: Fetching URL: https://www.foodallergy.org/resources/feasting-fare-gluten-free-birthday-cake
2025-04-04 17:34:14,739 [INFO] FARE: Saved recipe: 'Feasting With FARE: Gluten-Free Birthday Cake' (URL: https://www.foodallergy.org/resources/feasting-fare-gluten-free-birthday-cake)
2025-04-04 17:34:14,740 [INFO] FARE: Fetching URL: https://www.foodallergy.org/resources/feasting-fare-gazpacho
2025-04-04 17:34:15,254 [INFO] FARE: Saved recipe: 'Feasting With FARE: Gazpacho' (URL: https://www.foodallergy.org/resources/feasting-fare-gazpacho)
2025-04-04 17:34:15,254 [INFO] FARE: Fetching URL: https://www.foodallergy.org/resources/feasting-fare-christmas-cookies-4-food-allergy-friendly-ways
2025-04-04 17:34:15,669 [INFO] FARE: Saved recipe: 'Feasting With FARE: Christmas Cookies - 4 Food Allergy Friendly Ways' (URL: https://www.foodallergy.org/resources/feasting-fare-christmas-cookies-4-food-allergy-friendly-ways)
2025-04-04 17:34:15,669 [INFO] FARE: Fetching URL: https://www.foodallergy.org/resources/feasting-fare-pumpkin-spice-cookie-dough-bites
2025-04-04 17:34:16,152 [INFO] FARE: Saved recipe: 'Feasting With FARE: Pumpkin Spice Cookie Dough Bites' (URL: https://www.foodallergy.org/resources/feasting-fare-pumpkin-spice-cookie-dough-bites)
2025-04-04 17:34:16,152 [INFO] FARE: Fetching URL: https://www.foodallergy.org/resources/feasting-fare-creamy-potato-fennel-soup
2025-04-04 17:34:16,776 [INFO] FARE: Saved recipe: 'Feasting With FARE: Creamy Potato Fennel Soup' (URL: https://www.foodallergy.org/resources/feasting-fare-creamy-potato-fennel-soup)
2025-04-04 17:34:16,776 [INFO] FARE: Fetching URL: https://www.foodallergy.org/resources/feasting-fare-dairy-free-grilled-cheese
2025-04-04 17:34:17,288 [INFO] FARE: Saved recipe: 'Feasting With FARE: Dairy-Free Grilled Cheese' (URL: https://www.foodallergy.org/resources/feasting-fare-dairy-free-grilled-cheese)
2025-04-04 17:34:17,289 [INFO] FARE: Fetching URL: https://www.foodallergy.org/resources/feasting-fare-wild-mushroom-gravy
2025-04-04 17:34:17,750 [INFO] FARE: Saved recipe: 'Feasting With FARE: Wild Mushroom Gravy' (URL: https://www.foodallergy.org/resources/feasting-fare-wild-mushroom-gravy)
2025-04-04 17:34:17,750 [INFO] FARE: Fetching URL: https://www.foodallergy.org/resources/feasting-fare-salmon-taco-recipe
2025-04-04 17:34:18,242 [INFO] FARE: Saved recipe: 'Feasting With FARE: Salmon Taco Recipe' (URL: https://www.foodallergy.org/resources/feasting-fare-salmon-taco-recipe)
2025-04-04 17:34:18,243 [INFO] FARE: Fetching URL: https://www.foodallergy.org/resources/feasting-fare-french-toast-0
2025-04-04 17:34:18,729 [INFO] FARE: Saved recipe: 'Feasting With FARE: French Toast' (URL: https://www.foodallergy.org/resources/feasting-fare-french-toast-0)
2025-04-04 17:34:18,730 [INFO] FARE: Fetching URL: https://www.foodallergy.org/resources/feasting-fare-german-schnitzel
2025-04-04 17:34:19,290 [INFO] FARE: Saved recipe: 'Feasting With FARE: German Schnitzel' (URL: https://www.foodallergy.org/resources/feasting-fare-german-schnitzel)
2025-04-04 17:34:19,290 [INFO] FARE: Fetching URL: https://www.foodallergy.org/resources/feasting-fare-granola
2025-04-04 17:34:19,867 [INFO] FARE: Saved recipe: 'Feasting with FARE: Granola' (URL: https://www.foodallergy.org/resources/feasting-fare-granola)
2025-04-04 17:34:19,867 [INFO] FARE: Fetching URL: https://www.foodallergy.org/resources/feasting-fare-never-nut-bars
2025-04-04 17:34:20,369 [INFO] FARE: Saved recipe: 'Feasting With FARE: Never Nut Bars' (URL: https://www.foodallergy.org/resources/feasting-fare-never-nut-bars)
2025-04-04 17:34:20,369 [INFO] FARE: Fetching URL: https://www.foodallergy.org/resources/feasting-fare-coq-au-vin
2025-04-04 17:34:20,877 [INFO] FARE: Saved recipe: 'Feasting With FARE: Coq au Vin' (URL: https://www.foodallergy.org/resources/feasting-fare-coq-au-vin)
2025-04-04 17:34:20,878 [INFO] FARE: Fetching URL: https://www.foodallergy.org/resources/feasting-fare-peri-peri-chicken
2025-04-04 17:34:21,435 [INFO] FARE: Saved recipe: 'Feasting With FARE: Peri Peri Chicken' (URL: https://www.foodallergy.org/resources/feasting-fare-peri-peri-chicken)
2025-04-04 17:34:21,436 [INFO] FARE: Fetching URL: https://www.foodallergy.org/resources/feasting-fare-pizza
2025-04-04 17:34:21,908 [INFO] FARE: Saved recipe: 'Feasting With FARE: Pizza' (URL: https://www.foodallergy.org/resources/feasting-fare-pizza)
2025-04-04 17:34:21,908 [INFO] FARE: Fetching URL: https://www.foodallergy.org/resources/feasting-fare-cuban-jackfruit-ropa-vieja
2025-04-04 17:34:22,505 [INFO] FARE: Saved recipe: 'Feasting With FARE: Cuban Jackfruit Ropa Vieja' (URL: https://www.foodallergy.org/resources/feasting-fare-cuban-jackfruit-ropa-vieja)
2025-04-04 17:34:22,505 [INFO] FARE: Fetching URL: https://www.foodallergy.org/resources/feasting-fare-creamy-macaroni-and-cheese
2025-04-04 17:34:23,047 [INFO] FARE: Saved recipe: 'Feasting With FARE: Creamy Macaroni and Cheese' (URL: https://www.foodallergy.org/resources/feasting-fare-creamy-macaroni-and-cheese)
2025-04-04 17:34:23,048 [INFO] FARE: Fetching URL: https://www.foodallergy.org/resources/feasting-fare-cornbread-stuffing-0
2025-04-04 17:34:23,483 [INFO] FARE: Saved recipe: 'Feasting With FARE: Cornbread Stuffing' (URL: https://www.foodallergy.org/resources/feasting-fare-cornbread-stuffing-0)
2025-04-04 17:34:23,484 [INFO] FARE: Fetching URL: https://www.foodallergy.org/resources/feasting-fare-no-bake-granola-bars-bites
2025-04-04 17:34:23,911 [INFO] FARE: Saved recipe: 'Feasting With FARE: No-Bake Granola Bars & Bites' (URL: https://www.foodallergy.org/resources/feasting-fare-no-bake-granola-bars-bites)
2025-04-04 17:34:23,911 [INFO] FARE: Fetching URL: https://www.foodallergy.org/resources/feasting-fare-budgie-bars
2025-04-04 17:34:24,458 [INFO] FARE: Saved recipe: 'Feasting with FARE: Budgie Bars' (URL: https://www.foodallergy.org/resources/feasting-fare-budgie-bars)
2025-04-04 17:34:24,459 [INFO] FARE: Fetching URL: https://www.foodallergy.org/resources/feating-fare-chewy-cheerio-treats
2025-04-04 17:34:25,004 [INFO] FARE: Saved recipe: 'Feating With FARE: Chewy Cheerio Treats' (URL: https://www.foodallergy.org/resources/feating-fare-chewy-cheerio-treats)
2025-04-04 17:34:25,005 [INFO] FARE: Fetching URL: https://www.foodallergy.org/resources/feasting-fare-maple-glazed-ham
2025-04-04 17:34:25,643 [INFO] FARE: Saved recipe: 'Feasting With FARE: Maple Glazed Ham' (URL: https://www.foodallergy.org/resources/feasting-fare-maple-glazed-ham)
2025-04-04 17:34:25,643 [INFO] FARE: Fetching URL: https://www.foodallergy.org/resources/feasting-fare-swiss-fondue
2025-04-04 17:34:26,099 [INFO] FARE: Saved recipe: 'Feasting With FARE: Swiss Fondue' (URL: https://www.foodallergy.org/resources/feasting-fare-swiss-fondue)
2025-04-04 17:34:26,099 [INFO] FARE: Fetching URL: https://www.foodallergy.org/resources/feasting-fare-hot-chocolate-bombs
2025-04-04 17:34:26,545 [INFO] FARE: Saved recipe: 'Feasting With FARE: Hot Chocolate Bombs' (URL: https://www.foodallergy.org/resources/feasting-fare-hot-chocolate-bombs)
2025-04-04 17:34:26,545 [INFO] FARE: Fetching URL: https://www.foodallergy.org/resources/feasting-fare-top-10-free-stuffing
2025-04-04 17:34:27,033 [INFO] FARE: Saved recipe: 'Feasting With FARE: Top-10 Free Stuffing' (URL: https://www.foodallergy.org/resources/feasting-fare-top-10-free-stuffing)
2025-04-04 17:34:27,033 [INFO] FARE: Fetching URL: https://www.foodallergy.org/resources/feasting-fare-horchata
2025-04-04 17:34:27,561 [INFO] FARE: Saved recipe: 'Feasting With FARE: Horchata' (URL: https://www.foodallergy.org/resources/feasting-fare-horchata)
2025-04-04 17:34:27,562 [INFO] FARE: Fetching URL: https://www.foodallergy.org/resources/feasting-fare-pupusas-and-salsa-roja
2025-04-04 17:34:28,169 [INFO] FARE: Saved recipe: 'Feasting With FARE: Pupusas and Salsa Roja' (URL: https://www.foodallergy.org/resources/feasting-fare-pupusas-and-salsa-roja)
2025-04-04 17:34:28,169 [INFO] FARE: Fetching URL: https://www.foodallergy.org/resources/feasting-fare-curried-roasted-butternut-squash-soup-spinach
2025-04-04 17:34:28,588 [INFO] FARE: Saved recipe: 'Feasting With FARE: Curried Roasted Butternut Squash Soup With Spinach' (URL: https://www.foodallergy.org/resources/feasting-fare-curried-roasted-butternut-squash-soup-spinach)
2025-04-04 17:34:28,588 [INFO] FARE: Fetching URL: https://www.foodallergy.org/resources/feasting-fare-summer-vegetable-gratin-simon-majumdar
2025-04-04 17:34:29,101 [INFO] FARE: Saved recipe: 'Feasting With FARE: Summer Vegetable Gratin by Simon Majumdar' (URL: https://www.foodallergy.org/resources/feasting-fare-summer-vegetable-gratin-simon-majumdar)
2025-04-04 17:34:29,102 [INFO] FARE: Fetching URL: https://www.foodallergy.org/resources/feasting-fare-snow-globe-cookies
2025-04-04 17:34:29,581 [INFO] FARE: Saved recipe: 'Feasting with FARE: Snow Globe Cookies' (URL: https://www.foodallergy.org/resources/feasting-fare-snow-globe-cookies)
2025-04-04 17:34:29,581 [INFO] FARE: Fetching URL: https://www.foodallergy.org/resources/feasting-fare-secret-zucchini-brownies
2025-04-04 17:34:30,110 [INFO] FARE: Saved recipe: 'Feasting with FARE: Secret Zucchini Brownies' (URL: https://www.foodallergy.org/resources/feasting-fare-secret-zucchini-brownies)
2025-04-04 17:34:30,110 [INFO] FARE: Fetching URL: https://www.foodallergy.org/resources/feasting-fare-socca-crispy-chickpeas-arugula-bacon-salad
2025-04-04 17:34:30,645 [INFO] FARE: Saved recipe: 'Feasting with FARE: Socca with Crispy Chickpeas, Arugula & Bacon Salad' (URL: https://www.foodallergy.org/resources/feasting-fare-socca-crispy-chickpeas-arugula-bacon-salad)
2025-04-04 17:34:30,645 [INFO] FARE: Fetching URL: https://www.foodallergy.org/resources/feasting-fare-green-bean-casserole
2025-04-04 17:34:31,246 [INFO] FARE: Saved recipe: 'Feasting With FARE: Green Bean Casserole' (URL: https://www.foodallergy.org/resources/feasting-fare-green-bean-casserole)
2025-04-04 17:34:31,246 [INFO] FARE: Fetching URL: https://www.foodallergy.org/resources/feasting-fare-albondigas
2025-04-04 17:34:31,714 [INFO] FARE: Saved recipe: 'Feasting With FARE: Albondigas' (URL: https://www.foodallergy.org/resources/feasting-fare-albondigas)
2025-04-04 17:34:31,714 [INFO] FARE: Fetching URL: https://www.foodallergy.org/resources/feasting-fare-waffles-peach-topping
2025-04-04 17:34:32,362 [INFO] FARE: Saved recipe: 'Feasting With FARE: Waffles With Peach Topping' (URL: https://www.foodallergy.org/resources/feasting-fare-waffles-peach-topping)
2025-04-04 17:34:32,362 [INFO] FARE: Fetching URL: https://www.foodallergy.org/resources/feasting-fare-chocolate-chip-protein-pancakes
2025-04-04 17:34:32,964 [INFO] FARE: Saved recipe: 'Feasting With FARE: Chocolate Chip Protein Pancakes' (URL: https://www.foodallergy.org/resources/feasting-fare-chocolate-chip-protein-pancakes)
2025-04-04 17:34:32,964 [INFO] FARE: Fetching URL: https://www.foodallergy.org/resources/feasting-fare-eggplant-parmesan
2025-04-04 17:34:33,377 [INFO] FARE: Saved recipe: 'Feasting With FARE: Eggplant Parmesan' (URL: https://www.foodallergy.org/resources/feasting-fare-eggplant-parmesan)
2025-04-04 17:34:33,377 [INFO] FARE: Fetching URL: https://www.foodallergy.org/resources/feasting-fare-russian-borscht
2025-04-04 17:34:33,923 [INFO] FARE: Saved recipe: 'Feasting With FARE: Russian Borscht' (URL: https://www.foodallergy.org/resources/feasting-fare-russian-borscht)
2025-04-04 17:34:33,923 [INFO] FARE: Fetching URL: https://www.foodallergy.org/resources/feasting-fare-cornbread
2025-04-04 17:34:34,396 [INFO] FARE: Saved recipe: 'Feasting With FARE: Cornbread' (URL: https://www.foodallergy.org/resources/feasting-fare-cornbread)
2025-04-04 17:34:34,396 [INFO] FARE: Fetching URL: https://www.foodallergy.org/resources/feasting-fare-apple-pie
2025-04-04 17:34:34,928 [INFO] FARE: Saved recipe: 'Feasting With FARE: Apple Pie' (URL: https://www.foodallergy.org/resources/feasting-fare-apple-pie)
2025-04-04 17:34:34,928 [INFO] FARE: Fetching URL: https://www.foodallergy.org/resources/feasting-fare-smores-popcorn
2025-04-04 17:34:35,361 [INFO] FARE: Saved recipe: 'Feasting With FARE: S'mores Popcorn' (URL: https://www.foodallergy.org/resources/feasting-fare-smores-popcorn)
2025-04-04 17:34:35,362 [INFO] FARE: Fetching URL: https://www.foodallergy.org/resources/feasting-fare-pumpkin-cupcakes
2025-04-04 17:34:35,932 [INFO] FARE: Saved recipe: 'Feasting With FARE: Pumpkin Cupcakes' (URL: https://www.foodallergy.org/resources/feasting-fare-pumpkin-cupcakes)
2025-04-04 17:34:35,932 [INFO] FARE: Fetching URL: https://www.foodallergy.org/resources/feasting-fare-chicken-teriyaki-bowl
2025-04-04 17:34:36,440 [INFO] FARE: Saved recipe: 'Feasting with FARE: Chicken Teriyaki Bowl' (URL: https://www.foodallergy.org/resources/feasting-fare-chicken-teriyaki-bowl)
2025-04-04 17:34:36,440 [INFO] FARE: Fetching URL: https://www.foodallergy.org/resources/feasting-fare-candy-sushi
2025-04-04 17:34:36,935 [INFO] FARE: Saved recipe: 'Feasting with FARE: Candy Sushi' (URL: https://www.foodallergy.org/resources/feasting-fare-candy-sushi)
2025-04-04 17:34:36,935 [INFO] FARE: Fetching URL: https://www.foodallergy.org/resources/feasting-fare-pumpkin-pie
2025-04-04 17:34:37,454 [INFO] FARE: Saved recipe: 'Feasting With FARE: Pumpkin Pie' (URL: https://www.foodallergy.org/resources/feasting-fare-pumpkin-pie)
2025-04-04 17:34:37,454 [INFO] FARE: Fetching URL: https://www.foodallergy.org/resources/feasting-fare-vegan-nut-free-pumpkin-cheesecake-bars
2025-04-04 17:34:38,103 [INFO] FARE: Saved recipe: 'Feasting With FARE: Vegan & Nut-Free Pumpkin Cheesecake Bars' (URL: https://www.foodallergy.org/resources/feasting-fare-vegan-nut-free-pumpkin-cheesecake-bars)
2025-04-04 17:34:38,103 [INFO] FARE: Fetching URL: https://www.foodallergy.org/resources/feasting-fare-patatas-bravas
2025-04-04 17:34:38,574 [INFO] FARE: Saved recipe: 'Feasting with FARE: Patatas Bravas' (URL: https://www.foodallergy.org/resources/feasting-fare-patatas-bravas)
2025-04-04 17:34:38,574 [INFO] FARE: Fetching URL: https://www.foodallergy.org/resources/feasting-fare-chicken-sausage-gumbo
2025-04-04 17:34:39,013 [INFO] FARE: Saved recipe: 'Feasting With FARE: Chicken & Sausage Gumbo' (URL: https://www.foodallergy.org/resources/feasting-fare-chicken-sausage-gumbo)
2025-04-04 17:34:39,014 [INFO] FARE: Fetching URL: https://www.foodallergy.org/resources/feasting-fare-ice-cream-sandwiches
2025-04-04 17:34:39,545 [INFO] FARE: Saved recipe: 'Feasting With FARE: Ice Cream Sandwiches' (URL: https://www.foodallergy.org/resources/feasting-fare-ice-cream-sandwiches)
2025-04-04 17:34:39,545 [INFO] FARE: Fetching URL: https://www.foodallergy.org/resources/feasting-fare-strawberry-crunkle
2025-04-04 17:34:40,034 [INFO] FARE: Saved recipe: 'Feasting With FARE: Strawberry Crunkle' (URL: https://www.foodallergy.org/resources/feasting-fare-strawberry-crunkle)
2025-04-04 17:34:40,034 [INFO] FARE: Fetching URL: https://www.foodallergy.org/resources/feasting-fare-coconut-apricot-bliss-bars
2025-04-04 17:34:40,487 [INFO] FARE: Saved recipe: 'Feasting With FARE: Coconut-Apricot Bliss Bars' (URL: https://www.foodallergy.org/resources/feasting-fare-coconut-apricot-bliss-bars)
2025-04-04 17:34:40,487 [INFO] FARE: Fetching URL: https://www.foodallergy.org/resources/feasting-fare-wild-blueberry-scones-fresh-lemon-curd
2025-04-04 17:34:41,380 [INFO] FARE: Saved recipe: 'Feasting With FARE: Wild Blueberry Scones With Fresh Lemon Curd' (URL: https://www.foodallergy.org/resources/feasting-fare-wild-blueberry-scones-fresh-lemon-curd)
2025-04-04 17:34:41,380 [INFO] FARE: Fetching URL: https://www.foodallergy.org/resources/teal-holidays-recipes-and-entertaining-guide
2025-04-04 17:34:41,890 [INFO] FARE: Saved recipe: 'Teal Holidays: Recipes and Entertaining Guide' (URL: https://www.foodallergy.org/resources/teal-holidays-recipes-and-entertaining-guide)
2025-04-04 17:34:41,890 [INFO] FARE: Fetching URL: https://www.foodallergy.org/resources/feasting-fare-galbi
2025-04-04 17:34:42,383 [INFO] FARE: Saved recipe: 'Feasting with FARE: Galbi' (URL: https://www.foodallergy.org/resources/feasting-fare-galbi)
2025-04-04 17:34:42,383 [INFO] FARE: Scraper finished for site: FARE
2025-04-06 04:23:09,370 [INFO] FARE: Database connection established successfully.
2025-04-06 04:23:09,375 [INFO] FARE: Initialized scraper for site: FARE
2025-04-06 04:23:09,375 [INFO] FARE: Fetching URL: https://www.foodallergy.org/our-initiatives/awareness-campaigns/living-teal/feasting-fare
2025-04-06 04:23:10,464 [INFO] FARE: Found 124 unique recipe links for site 'FARE'.
2025-04-06 04:23:10,464 [INFO] FARE: Fetching URL: https://www.foodallergy.org/resources/feasting-fare-pumpkin-pancakes
2025-04-06 04:23:10,831 [INFO] FARE: Saved recipe: 'Feasting With FARE: Pumpkin Pancakes' (URL: https://www.foodallergy.org/resources/feasting-fare-pumpkin-pancakes)
2025-04-06 04:23:10,831 [INFO] FARE: Fetching URL: https://www.foodallergy.org/resources/feasting-fare-rice-krispy-reindeer
2025-04-06 04:23:11,188 [INFO] FARE: Saved recipe: 'Feasting With FARE: Rice Krispy Reindeer' (URL: https://www.foodallergy.org/resources/feasting-fare-rice-krispy-reindeer)
2025-04-06 04:23:11,188 [INFO] FARE: Fetching URL: https://www.foodallergy.org/resources/feasting-fare-strawberry-chia-seed-parfaits
2025-04-06 04:23:11,527 [INFO] FARE: Saved recipe: 'Feasting With FARE: Strawberry Chia Seed Parfaits' (URL: https://www.foodallergy.org/resources/feasting-fare-strawberry-chia-seed-parfaits)
2025-04-06 04:23:11,527 [INFO] FARE: Fetching URL: https://www.foodallergy.org/resources/feasting-fare-galbi
2025-04-06 04:23:11,866 [INFO] FARE: Saved recipe: 'Feasting with FARE: Galbi' (URL: https://www.foodallergy.org/resources/feasting-fare-galbi)
2025-04-06 04:23:11,866 [INFO] FARE: Fetching URL: https://www.foodallergy.org/resources/feasting-fare-spooky-brownies
2025-04-06 04:23:12,313 [INFO] FARE: Saved recipe: 'Feasting With FARE: Spooky Brownies' (URL: https://www.foodallergy.org/resources/feasting-fare-spooky-brownies)
2025-04-06 04:23:12,313 [INFO] FARE: Fetching URL: https://www.foodallergy.org/resources/feasting-fare-creamed-spinach
2025-04-06 04:23:12,734 [INFO] FARE: Saved recipe: 'Feasting with FARE: Creamed Spinach' (URL: https://www.foodallergy.org/resources/feasting-fare-creamed-spinach)
2025-04-06 04:23:12,734 [INFO] FARE: Fetching URL: https://www.foodallergy.org/resources/feasting-fare-chickpea-burgers
2025-04-06 04:23:13,040 [INFO] FARE: Saved recipe: 'Feasting With FARE: Chickpea Burgers' (URL: https://www.foodallergy.org/resources/feasting-fare-chickpea-burgers)
2025-04-06 04:23:13,041 [INFO] FARE: Fetching URL: https://www.foodallergy.org/resources/feasting-fare-german-schnitzel
2025-04-06 04:23:13,374 [INFO] FARE: Saved recipe: 'Feasting With FARE: German Schnitzel' (URL: https://www.foodallergy.org/resources/feasting-fare-german-schnitzel)
2025-04-06 04:23:13,374 [INFO] FARE: Fetching URL: https://www.foodallergy.org/resources/feasting-fare-pumpkin-cupcakes
2025-04-06 04:23:13,847 [INFO] FARE: Saved recipe: 'Feasting With FARE: Pumpkin Cupcakes' (URL: https://www.foodallergy.org/resources/feasting-fare-pumpkin-cupcakes)
2025-04-06 04:23:13,847 [INFO] FARE: Fetching URL: https://www.foodallergy.org/resources/feasting-fare-russian-borscht
2025-04-06 04:23:14,171 [INFO] FARE: Saved recipe: 'Feasting With FARE: Russian Borscht' (URL: https://www.foodallergy.org/resources/feasting-fare-russian-borscht)
2025-04-06 04:23:14,171 [INFO] FARE: Fetching URL: https://www.foodallergy.org/resources/feasting-fare-gazpacho
2025-04-06 04:23:14,518 [INFO] FARE: Saved recipe: 'Feasting With FARE: Gazpacho' (URL: https://www.foodallergy.org/resources/feasting-fare-gazpacho)
2025-04-06 04:23:14,518 [INFO] FARE: Fetching URL: https://www.foodallergy.org/resources/feasting-fare-red-thai-curry
2025-04-06 04:23:15,027 [INFO] FARE: Saved recipe: 'Feasting With FARE: Red Thai Curry' (URL: https://www.foodallergy.org/resources/feasting-fare-red-thai-curry)
2025-04-06 04:23:15,027 [INFO] FARE: Fetching URL: https://www.foodallergy.org/resources/feasting-fare-rainbow-rusks-south-african-biscotti
2025-04-06 04:23:15,462 [INFO] FARE: Saved recipe: 'Feasting With FARE: Rainbow Rusks (South African Biscotti)' (URL: https://www.foodallergy.org/resources/feasting-fare-rainbow-rusks-south-african-biscotti)
2025-04-06 04:23:15,462 [INFO] FARE: Fetching URL: https://www.foodallergy.org/resources/feasting-fare-potato-chip-chicken-tenders
2025-04-06 04:23:15,807 [INFO] FARE: Saved recipe: 'Feasting With FARE: Potato Chip Chicken Tenders' (URL: https://www.foodallergy.org/resources/feasting-fare-potato-chip-chicken-tenders)
2025-04-06 04:23:15,807 [INFO] FARE: Fetching URL: https://www.foodallergy.org/resources/feasting-fare-nice-cream-sundaes
2025-04-06 04:23:16,143 [INFO] FARE: Saved recipe: 'Feasting With FARE: Nice Cream Sundaes' (URL: https://www.foodallergy.org/resources/feasting-fare-nice-cream-sundaes)
2025-04-06 04:23:16,143 [INFO] FARE: Fetching URL: https://www.foodallergy.org/resources/feasting-fare-quinoa-tabbouleh-salad
2025-04-06 04:23:16,480 [INFO] FARE: Saved recipe: 'Feasting with FARE: Quinoa Tabbouleh Salad' (URL: https://www.foodallergy.org/resources/feasting-fare-quinoa-tabbouleh-salad)
2025-04-06 04:23:16,480 [INFO] FARE: Fetching URL: https://www.foodallergy.org/resources/feasting-fare-waffles-peach-topping
2025-04-06 04:23:16,820 [INFO] FARE: Saved recipe: 'Feasting With FARE: Waffles With Peach Topping' (URL: https://www.foodallergy.org/resources/feasting-fare-waffles-peach-topping)
2025-04-06 04:23:16,820 [INFO] FARE: Fetching URL: https://www.foodallergy.org/our-initiatives/awareness-campaigns/living-teal/living-tealtm-videos/bite-sized-snacks
2025-04-06 04:23:17,161 [INFO] FARE: Saved recipe: 'Bite-Sized Snacks' (URL: https://www.foodallergy.org/our-initiatives/awareness-campaigns/living-teal/living-tealtm-videos/bite-sized-snacks)
2025-04-06 04:23:17,161 [INFO] FARE: Fetching URL: https://www.foodallergy.org/resources/feasting-fare-scalloped-potatoes
2025-04-06 04:23:17,557 [INFO] FARE: Saved recipe: 'Feasting With FARE: Scalloped Potatoes' (URL: https://www.foodallergy.org/resources/feasting-fare-scalloped-potatoes)
2025-04-06 04:23:17,557 [INFO] FARE: Fetching URL: https://www.foodallergy.org/resources/feasting-fare-sweet-potato-casserole
2025-04-06 04:23:18,002 [INFO] FARE: Saved recipe: 'Feasting With FARE: Sweet Potato Casserole' (URL: https://www.foodallergy.org/resources/feasting-fare-sweet-potato-casserole)
2025-04-06 04:23:18,002 [INFO] FARE: Fetching URL: https://www.foodallergy.org/resources/feasting-fare-jerk-jackfruit-and-mango-chutney
2025-04-06 04:23:18,307 [INFO] FARE: Saved recipe: 'Feasting With FARE: Jerk Jackfruit and Mango Chutney' (URL: https://www.foodallergy.org/resources/feasting-fare-jerk-jackfruit-and-mango-chutney)
2025-04-06 04:23:18,307 [INFO] FARE: Fetching URL: https://www.foodallergy.org/resources/feasting-fare-granola
2025-04-06 04:23:18,678 [INFO] FARE: Saved recipe: 'Feasting with FARE: Granola' (URL: https://www.foodallergy.org/resources/feasting-fare-granola)
2025-04-06 04:23:18,678 [INFO] FARE: Fetching URL: https://www.foodallergy.org/resources/feasting-fare-red-velvet-waffles
2025-04-06 04:23:19,103 [INFO] FARE: Saved recipe: 'Feasting With FARE: Red Velvet Waffles' (URL: https://www.foodallergy.org/resources/feasting-fare-red-velvet-waffles)
2025-04-06 04:23:19,103 [INFO] FARE: Fetching URL: https://www.foodallergy.org/resources/feasting-fare-ice-cream-sandwiches
2025-04-06 04:23:19,498 [INFO] FARE: Saved recipe: 'Feasting With FARE: Ice Cream Sandwiches' (URL: https://www.foodallergy.org/resources/feasting-fare-ice-cream-sandwiches)
2025-04-06 04:23:19,499 [INFO] FARE: Fetching URL: https://www.foodallergy.org/resources/feasting-fare-mac-n-cheese
2025-04-06 04:23:19,885 [INFO] FARE: Saved recipe: 'Feasting With FARE: Mac N' Cheese' (URL: https://www.foodallergy.org/resources/feasting-fare-mac-n-cheese)
2025-04-06 04:23:19,885 [INFO] FARE: Fetching URL: https://www.foodallergy.org/resources/feasting-fare-mug-cake
2025-04-06 04:23:20,292 [INFO] FARE: Saved recipe: 'Feasting With FARE: Mug Cake' (URL: https://www.foodallergy.org/resources/feasting-fare-mug-cake)
2025-04-06 04:23:20,293 [INFO] FARE: Fetching URL: https://www.foodallergy.org/resources/feasting-fare-chocolate-chip-cookies-0
2025-04-06 04:23:20,650 [INFO] FARE: Saved recipe: 'Feasting With FARE: Chocolate Chip Cookies' (URL: https://www.foodallergy.org/resources/feasting-fare-chocolate-chip-cookies-0)
2025-04-06 04:23:20,651 [INFO] FARE: Fetching URL: https://www.foodallergy.org/resources/feasting-fare-top-9-free-grape-leaves
2025-04-06 04:23:20,995 [INFO] FARE: Saved recipe: 'Feasting With FARE: Top 9 Free Grape Leaves' (URL: https://www.foodallergy.org/resources/feasting-fare-top-9-free-grape-leaves)
2025-04-06 04:23:20,995 [INFO] FARE: Fetching URL: https://www.foodallergy.org/resources/feasting-fare-lemon-herb-spatchcock-chicken-arugula-salsa-verde
2025-04-06 04:23:21,336 [INFO] FARE: Saved recipe: 'Feasting With FARE: Lemon–Herb Spatchcock Chicken with Arugula Salsa Verde' (URL: https://www.foodallergy.org/resources/feasting-fare-lemon-herb-spatchcock-chicken-arugula-salsa-verde)
2025-04-06 04:23:21,336 [INFO] FARE: Fetching URL: https://www.foodallergy.org/resources/feasting-fare-apple-pie
2025-04-06 04:23:21,638 [INFO] FARE: Saved recipe: 'Feasting With FARE: Apple Pie' (URL: https://www.foodallergy.org/resources/feasting-fare-apple-pie)
2025-04-06 04:23:21,639 [INFO] FARE: Fetching URL: https://www.foodallergy.org/resources/feasting-fare-cuban-jackfruit-ropa-vieja
2025-04-06 04:23:22,008 [INFO] FARE: Saved recipe: 'Feasting With FARE: Cuban Jackfruit Ropa Vieja' (URL: https://www.foodallergy.org/resources/feasting-fare-cuban-jackfruit-ropa-vieja)
2025-04-06 04:23:22,008 [INFO] FARE: Fetching URL: https://www.foodallergy.org/resources/feasting-fare-triple-lemon-cupcakes
2025-04-06 04:23:22,312 [INFO] FARE: Saved recipe: 'Feasting With FARE: Triple Lemon Cupcakes' (URL: https://www.foodallergy.org/resources/feasting-fare-triple-lemon-cupcakes)
2025-04-06 04:23:22,312 [INFO] FARE: Fetching URL: https://www.foodallergy.org/resources/feasting-fare-secret-zucchini-brownies
2025-04-06 04:23:22,790 [INFO] FARE: Saved recipe: 'Feasting with FARE: Secret Zucchini Brownies' (URL: https://www.foodallergy.org/resources/feasting-fare-secret-zucchini-brownies)
2025-04-06 04:23:22,790 [INFO] FARE: Fetching URL: https://www.foodallergy.org/resources/feasting-fare-top-9-free-ceviche
2025-04-06 04:23:23,317 [INFO] FARE: Saved recipe: 'Feasting With FARE: Top 9 Free Ceviche' (URL: https://www.foodallergy.org/resources/feasting-fare-top-9-free-ceviche)
2025-04-06 04:23:23,317 [INFO] FARE: Fetching URL: https://www.foodallergy.org/resources/feasting-fare-coq-au-vin
2025-04-06 04:23:23,822 [INFO] FARE: Saved recipe: 'Feasting With FARE: Coq au Vin' (URL: https://www.foodallergy.org/resources/feasting-fare-coq-au-vin)
2025-04-06 04:23:23,822 [INFO] FARE: Fetching URL: https://www.foodallergy.org/resources/feasting-fare-chocolate-chip-pumpkin-bread
2025-04-06 04:23:24,140 [INFO] FARE: Saved recipe: 'Feasting With FARE: Chocolate Chip Pumpkin Bread' (URL: https://www.foodallergy.org/resources/feasting-fare-chocolate-chip-pumpkin-bread)
2025-04-06 04:23:24,140 [INFO] FARE: Fetching URL: https://www.foodallergy.org/resources/feasting-fare-jeweled-quinoa
2025-04-06 04:23:24,485 [INFO] FARE: Saved recipe: 'Feasting with FARE: Jeweled Quinoa' (URL: https://www.foodallergy.org/resources/feasting-fare-jeweled-quinoa)
2025-04-06 04:23:24,485 [INFO] FARE: Fetching URL: https://www.foodallergy.org/resources/feasting-fare-french-toast-0
2025-04-06 04:23:24,887 [INFO] FARE: Saved recipe: 'Feasting With FARE: French Toast' (URL: https://www.foodallergy.org/resources/feasting-fare-french-toast-0)
2025-04-06 04:23:24,887 [INFO] FARE: Fetching URL: https://www.foodallergy.org/resources/feasting-fare-green-bean-casserole
2025-04-06 04:23:25,257 [INFO] FARE: Saved recipe: 'Feasting With FARE: Green Bean Casserole' (URL: https://www.foodallergy.org/resources/feasting-fare-green-bean-casserole)
2025-04-06 04:23:25,258 [INFO] FARE: Fetching URL: https://www.foodallergy.org/resources/feasting-fare-roasted-holiday-curried-pumpkin-seeds
2025-04-06 04:23:25,564 [INFO] FARE: Saved recipe: 'Feasting With FARE: Roasted Holiday Curried Pumpkin Seeds' (URL: https://www.foodallergy.org/resources/feasting-fare-roasted-holiday-curried-pumpkin-seeds)
2025-04-06 04:23:25,564 [INFO] FARE: Fetching URL: https://www.foodallergy.org/resources/feasting-fare-strawberry-crunkle
2025-04-06 04:23:25,946 [INFO] FARE: Saved recipe: 'Feasting With FARE: Strawberry Crunkle' (URL: https://www.foodallergy.org/resources/feasting-fare-strawberry-crunkle)
2025-04-06 04:23:25,946 [INFO] FARE: Fetching URL: https://www.foodallergy.org/resources/feasting-fare-pupusas-and-salsa-roja
2025-04-06 04:23:26,298 [INFO] FARE: Saved recipe: 'Feasting With FARE: Pupusas and Salsa Roja' (URL: https://www.foodallergy.org/resources/feasting-fare-pupusas-and-salsa-roja)
2025-04-06 04:23:26,298 [INFO] FARE: Fetching URL: https://www.foodallergy.org/resources/feasting-fare-allergy-friendly-spice-cake
2025-04-06 04:23:26,596 [INFO] FARE: Saved recipe: 'Feasting with FARE: Allergy-Friendly Spice Cake' (URL: https://www.foodallergy.org/resources/feasting-fare-allergy-friendly-spice-cake)
2025-04-06 04:23:26,596 [INFO] FARE: Fetching URL: https://www.foodallergy.org/resources/feasting-fare-swiss-fondue
2025-04-06 04:23:26,996 [INFO] FARE: Saved recipe: 'Feasting With FARE: Swiss Fondue' (URL: https://www.foodallergy.org/resources/feasting-fare-swiss-fondue)
2025-04-06 04:23:26,996 [INFO] FARE: Fetching URL: https://www.foodallergy.org/resources/feasting-fare-sichuan-style-eggplant-peppers-stir-fry
2025-04-06 04:23:27,451 [INFO] FARE: Saved recipe: 'Feasting with FARE: Sichuan-Style Eggplant & Peppers Stir Fry' (URL: https://www.foodallergy.org/resources/feasting-fare-sichuan-style-eggplant-peppers-stir-fry)
2025-04-06 04:23:27,451 [INFO] FARE: Fetching URL: https://www.foodallergy.org/resources/feasting-fare-curried-roasted-butternut-squash-soup-spinach
2025-04-06 04:23:27,832 [INFO] FARE: Saved recipe: 'Feasting With FARE: Curried Roasted Butternut Squash Soup With Spinach' (URL: https://www.foodallergy.org/resources/feasting-fare-curried-roasted-butternut-squash-soup-spinach)
2025-04-06 04:23:27,832 [INFO] FARE: Fetching URL: https://www.foodallergy.org/resources/feasting-fare-top-10-free-halloween-cookies
2025-04-06 04:23:28,191 [INFO] FARE: Saved recipe: 'Feasting With FARE: Top 10 Free Halloween Cookies' (URL: https://www.foodallergy.org/resources/feasting-fare-top-10-free-halloween-cookies)
2025-04-06 04:23:28,191 [INFO] FARE: Fetching URL: https://www.foodallergy.org/resources/feasting-fare-honey-mustard-fall-veggies
2025-04-06 04:23:28,631 [INFO] FARE: Saved recipe: 'Feasting With FARE: Honey Mustard Fall Veggies' (URL: https://www.foodallergy.org/resources/feasting-fare-honey-mustard-fall-veggies)
2025-04-06 04:23:28,631 [INFO] FARE: Fetching URL: https://www.foodallergy.org/resources/feasting-fare-top-9-free-nachos
2025-04-06 04:23:28,988 [INFO] FARE: Saved recipe: 'Feasting With FARE: Top 9 Free Nachos' (URL: https://www.foodallergy.org/resources/feasting-fare-top-9-free-nachos)
2025-04-06 04:23:28,988 [INFO] FARE: Fetching URL: https://www.foodallergy.org/resources/feasting-fare-chocolate-rice-crispy-bars
2025-04-06 04:23:29,360 [INFO] FARE: Saved recipe: 'Feasting with FARE: Chocolate Rice Crispy Bars' (URL: https://www.foodallergy.org/resources/feasting-fare-chocolate-rice-crispy-bars)
2025-04-06 04:23:29,361 [INFO] FARE: Fetching URL: https://www.foodallergy.org/resources/feasting-fare-wild-blueberry-scones-fresh-lemon-curd
2025-04-06 04:23:29,715 [INFO] FARE: Saved recipe: 'Feasting With FARE: Wild Blueberry Scones With Fresh Lemon Curd' (URL: https://www.foodallergy.org/resources/feasting-fare-wild-blueberry-scones-fresh-lemon-curd)
2025-04-06 04:23:29,715 [INFO] FARE: Fetching URL: https://www.foodallergy.org/resources/feasting-fare-creamy-macaroni-and-cheese
2025-04-06 04:23:30,237 [INFO] FARE: Saved recipe: 'Feasting With FARE: Creamy Macaroni and Cheese' (URL: https://www.foodallergy.org/resources/feasting-fare-creamy-macaroni-and-cheese)
2025-04-06 04:23:30,238 [INFO] FARE: Fetching URL: https://www.foodallergy.org/resources/feasting-fare-gluten-free-birthday-cake
2025-04-06 04:23:30,618 [INFO] FARE: Saved recipe: 'Feasting With FARE: Gluten-Free Birthday Cake' (URL: https://www.foodallergy.org/resources/feasting-fare-gluten-free-birthday-cake)
2025-04-06 04:23:30,618 [INFO] FARE: Fetching URL: https://www.foodallergy.org/resources/feasting-fare-classic-roasted-turkey
2025-04-06 04:23:31,078 [INFO] FARE: Saved recipe: 'Feasting With FARE: Classic Roasted Turkey' (URL: https://www.foodallergy.org/resources/feasting-fare-classic-roasted-turkey)
2025-04-06 04:23:31,078 [INFO] FARE: Fetching URL: https://www.foodallergy.org/resources/feasting-fare-vegan-nut-free-pumpkin-cheesecake-bars
2025-04-06 04:23:31,416 [INFO] FARE: Saved recipe: 'Feasting With FARE: Vegan & Nut-Free Pumpkin Cheesecake Bars' (URL: https://www.foodallergy.org/resources/feasting-fare-vegan-nut-free-pumpkin-cheesecake-bars)
2025-04-06 04:23:31,416 [INFO] FARE: Fetching URL: https://www.foodallergy.org/resources/feasting-fare-funfetti-ice-cream-cone-cupcakes
2025-04-06 04:23:31,775 [INFO] FARE: Saved recipe: 'Feasting with FARE: Funfetti Ice Cream Cone Cupcakes' (URL: https://www.foodallergy.org/resources/feasting-fare-funfetti-ice-cream-cone-cupcakes)
2025-04-06 04:23:31,775 [INFO] FARE: Fetching URL: https://www.foodallergy.org/resources/feasting-fare-horchata
2025-04-06 04:23:32,086 [INFO] FARE: Saved recipe: 'Feasting With FARE: Horchata' (URL: https://www.foodallergy.org/resources/feasting-fare-horchata)
2025-04-06 04:23:32,087 [INFO] FARE: Fetching URL: https://www.foodallergy.org/resources/feasting-fare-channa-masala
2025-04-06 04:23:32,429 [INFO] FARE: Saved recipe: 'Feasting With FARE: Channa Masala' (URL: https://www.foodallergy.org/resources/feasting-fare-channa-masala)
2025-04-06 04:23:32,429 [INFO] FARE: Fetching URL: https://www.foodallergy.org/resources/feasting-fare-wild-mushroom-gravy
2025-04-06 04:23:32,925 [INFO] FARE: Saved recipe: 'Feasting With FARE: Wild Mushroom Gravy' (URL: https://www.foodallergy.org/resources/feasting-fare-wild-mushroom-gravy)
2025-04-06 04:23:32,925 [INFO] FARE: Fetching URL: https://www.foodallergy.org/resources/feasting-fare-lemon-cake
2025-04-06 04:23:33,673 [INFO] FARE: Saved recipe: 'Feasting With FARE: Lemon Cake' (URL: https://www.foodallergy.org/resources/feasting-fare-lemon-cake)
2025-04-06 04:23:33,673 [INFO] FARE: Fetching URL: https://www.foodallergy.org/resources/feasting-fare-snow-globe-cookies
2025-04-06 04:23:34,201 [INFO] FARE: Saved recipe: 'Feasting with FARE: Snow Globe Cookies' (URL: https://www.foodallergy.org/resources/feasting-fare-snow-globe-cookies)
2025-04-06 04:23:34,201 [INFO] FARE: Fetching URL: https://www.foodallergy.org/resources/feasting-fare-nut-free-granola
2025-04-06 04:23:34,583 [INFO] FARE: Saved recipe: 'Feasting With FARE: Nut-Free Granola' (URL: https://www.foodallergy.org/resources/feasting-fare-nut-free-granola)
2025-04-06 04:23:34,583 [INFO] FARE: Fetching URL: https://www.foodallergy.org/resources/feasting-fare-smores-bars
2025-04-06 04:23:34,895 [INFO] FARE: Saved recipe: 'Feasting With FARE: S'mores Bars' (URL: https://www.foodallergy.org/resources/feasting-fare-smores-bars)
2025-04-06 04:23:34,895 [INFO] FARE: Fetching URL: https://www.foodallergy.org/resources/feasting-fare-holiday-bark
2025-04-06 04:23:35,199 [INFO] FARE: Saved recipe: 'Feasting With FARE: Holiday Bark' (URL: https://www.foodallergy.org/resources/feasting-fare-holiday-bark)
2025-04-06 04:23:35,199 [INFO] FARE: Fetching URL: https://www.foodallergy.org/resources/feasting-fare-game-day-cheese-less-taco-bake
2025-04-06 04:23:35,550 [INFO] FARE: Saved recipe: 'Feasting With FARE: Game Day Cheese-less Taco Bake' (URL: https://www.foodallergy.org/resources/feasting-fare-game-day-cheese-less-taco-bake)
2025-04-06 04:23:35,550 [INFO] FARE: Fetching URL: https://www.foodallergy.org/resources/feasting-fare-potato-latkes
2025-04-06 04:23:35,890 [INFO] FARE: Saved recipe: 'Feasting With FARE: Potato Latkes' (URL: https://www.foodallergy.org/resources/feasting-fare-potato-latkes)
2025-04-06 04:23:35,890 [INFO] FARE: Fetching URL: https://www.foodallergy.org/resources/feasting-fare-sunflower-seed-cranberry-cookies
2025-04-06 04:23:36,216 [INFO] FARE: Saved recipe: 'Feasting With FARE: Sunflower Seed Cranberry Cookies' (URL: https://www.foodallergy.org/resources/feasting-fare-sunflower-seed-cranberry-cookies)
2025-04-06 04:23:36,216 [INFO] FARE: Fetching URL: https://www.foodallergy.org/resources/feasting-fare-eggplant-parmesan
2025-04-06 04:23:36,579 [INFO] FARE: Saved recipe: 'Feasting With FARE: Eggplant Parmesan' (URL: https://www.foodallergy.org/resources/feasting-fare-eggplant-parmesan)
2025-04-06 04:23:36,579 [INFO] FARE: Fetching URL: https://www.foodallergy.org/resources/feasting-fare-grilled-cheese
2025-04-06 04:23:36,869 [INFO] FARE: Saved recipe: 'Feasting With FARE: Grilled Cheese' (URL: https://www.foodallergy.org/resources/feasting-fare-grilled-cheese)
2025-04-06 04:23:36,870 [INFO] FARE: Fetching URL: https://www.foodallergy.org/resources/feasting-fare-no-bake-granola-bars-bites
2025-04-06 04:23:37,234 [INFO] FARE: Saved recipe: 'Feasting With FARE: No-Bake Granola Bars & Bites' (URL: https://www.foodallergy.org/resources/feasting-fare-no-bake-granola-bars-bites)
2025-04-06 04:23:37,234 [INFO] FARE: Fetching URL: https://www.foodallergy.org/resources/feasting-fare-vegetable-biryani
2025-04-06 04:23:37,540 [INFO] FARE: Saved recipe: 'Feasting With FARE: Vegetable Biryani' (URL: https://www.foodallergy.org/resources/feasting-fare-vegetable-biryani)
2025-04-06 04:23:37,540 [INFO] FARE: Fetching URL: https://www.foodallergy.org/resources/feasting-fare-red-velvet-cake-truffles
2025-04-06 04:23:37,928 [INFO] FARE: Saved recipe: 'Feasting With FARE: Red Velvet Cake Truffles' (URL: https://www.foodallergy.org/resources/feasting-fare-red-velvet-cake-truffles)
2025-04-06 04:23:37,928 [INFO] FARE: Fetching URL: https://www.foodallergy.org/resources/feasting-fare-pizza
2025-04-06 04:23:38,339 [INFO] FARE: Saved recipe: 'Feasting With FARE: Pizza' (URL: https://www.foodallergy.org/resources/feasting-fare-pizza)
2025-04-06 04:23:38,339 [INFO] FARE: Fetching URL: https://www.foodallergy.org/resources/top-9-allergen-free-thanksgiving-cookbook
2025-04-06 04:23:38,647 [INFO] FARE: Saved recipe: 'Top 9 Allergen Free Thanksgiving Cookbook' (URL: https://www.foodallergy.org/resources/top-9-allergen-free-thanksgiving-cookbook)
2025-04-06 04:23:38,647 [INFO] FARE: Fetching URL: https://www.foodallergy.org/resources/feasting-fare-tie-dye-explosion-cake
2025-04-06 04:23:39,133 [INFO] FARE: Saved recipe: 'Feasting with FARE: Tie Dye Explosion Cake' (URL: https://www.foodallergy.org/resources/feasting-fare-tie-dye-explosion-cake)
2025-04-06 04:23:39,134 [INFO] FARE: Fetching URL: https://www.foodallergy.org/resources/feasting-fare-pumpkin-spice-cookie-dough-bites
2025-04-06 04:23:39,602 [INFO] FARE: Saved recipe: 'Feasting With FARE: Pumpkin Spice Cookie Dough Bites' (URL: https://www.foodallergy.org/resources/feasting-fare-pumpkin-spice-cookie-dough-bites)
2025-04-06 04:23:39,602 [INFO] FARE: Fetching URL: https://www.foodallergy.org/resources/feasting-fare-patatas-bravas
2025-04-06 04:23:39,943 [INFO] FARE: Saved recipe: 'Feasting with FARE: Patatas Bravas' (URL: https://www.foodallergy.org/resources/feasting-fare-patatas-bravas)
2025-04-06 04:23:39,943 [INFO] FARE: Fetching URL: https://www.foodallergy.org/resources/feasting-fare-strawberries-and-cream-protein-popsicles
2025-04-06 04:23:40,406 [INFO] FARE: Saved recipe: 'Feasting With FARE: Strawberries and Cream Protein Popsicles' (URL: https://www.foodallergy.org/resources/feasting-fare-strawberries-and-cream-protein-popsicles)
2025-04-06 04:23:40,406 [INFO] FARE: Fetching URL: https://www.foodallergy.org/resources/feasting-fare-veggie-tacos
2025-04-06 04:23:40,863 [INFO] FARE: Saved recipe: 'Feasting With FARE: Veggie Tacos' (URL: https://www.foodallergy.org/resources/feasting-fare-veggie-tacos)
2025-04-06 04:23:40,863 [INFO] FARE: Fetching URL: https://www.foodallergy.org/resources/feasting-fare-salmon-taco-recipe
2025-04-06 04:23:41,371 [INFO] FARE: Saved recipe: 'Feasting With FARE: Salmon Taco Recipe' (URL: https://www.foodallergy.org/resources/feasting-fare-salmon-taco-recipe)
2025-04-06 04:23:41,371 [INFO] FARE: Fetching URL: https://www.foodallergy.org/resources/feasting-fare-3-ways-eat-granola
2025-04-06 04:23:41,845 [INFO] FARE: Saved recipe: 'Feasting With FARE: 3 Ways to Eat Granola' (URL: https://www.foodallergy.org/resources/feasting-fare-3-ways-eat-granola)
2025-04-06 04:23:41,845 [INFO] FARE: Fetching URL: https://www.foodallergy.org/resources/feasting-fare-sprinkle-cookies
2025-04-06 04:23:42,187 [INFO] FARE: Saved recipe: 'Feasting With FARE: Sprinkle Cookies' (URL: https://www.foodallergy.org/resources/feasting-fare-sprinkle-cookies)
2025-04-06 04:23:42,187 [INFO] FARE: Fetching URL: https://www.foodallergy.org/resources/feasting-fare-cornbread-stuffing-0
2025-04-06 04:23:42,683 [INFO] FARE: Saved recipe: 'Feasting With FARE: Cornbread Stuffing' (URL: https://www.foodallergy.org/resources/feasting-fare-cornbread-stuffing-0)
2025-04-06 04:23:42,683 [INFO] FARE: Fetching URL: https://www.foodallergy.org/resources/feasting-fare-albondigas
2025-04-06 04:23:43,096 [INFO] FARE: Saved recipe: 'Feasting With FARE: Albondigas' (URL: https://www.foodallergy.org/resources/feasting-fare-albondigas)
2025-04-06 04:23:43,096 [INFO] FARE: Fetching URL: https://www.foodallergy.org/resources/feasting-fare-chocolate-chip-protein-pancakes
2025-04-06 04:23:43,491 [INFO] FARE: Saved recipe: 'Feasting With FARE: Chocolate Chip Protein Pancakes' (URL: https://www.foodallergy.org/resources/feasting-fare-chocolate-chip-protein-pancakes)
2025-04-06 04:23:43,491 [INFO] FARE: Fetching URL: https://www.foodallergy.org/resources/feasting-fare-creamy-potato-fennel-soup
2025-04-06 04:23:43,940 [INFO] FARE: Saved recipe: 'Feasting With FARE: Creamy Potato Fennel Soup' (URL: https://www.foodallergy.org/resources/feasting-fare-creamy-potato-fennel-soup)
2025-04-06 04:23:43,940 [INFO] FARE: Fetching URL: https://www.foodallergy.org/resources/feasting-fare-austrian-mushroom-goulash-potato-dumplings
2025-04-06 04:23:44,398 [INFO] FARE: Saved recipe: 'Feasting With FARE: Austrian Mushroom Goulash with Potato Dumplings' (URL: https://www.foodallergy.org/resources/feasting-fare-austrian-mushroom-goulash-potato-dumplings)
2025-04-06 04:23:44,398 [INFO] FARE: Fetching URL: https://www.foodallergy.org/resources/feasting-fare-peri-peri-chicken
2025-04-06 04:23:44,866 [INFO] FARE: Saved recipe: 'Feasting With FARE: Peri Peri Chicken' (URL: https://www.foodallergy.org/resources/feasting-fare-peri-peri-chicken)
2025-04-06 04:23:44,866 [INFO] FARE: Fetching URL: https://www.foodallergy.org/resources/feasting-fare-socca-crispy-chickpeas-arugula-bacon-salad
2025-04-06 04:23:45,233 [INFO] FARE: Saved recipe: 'Feasting with FARE: Socca with Crispy Chickpeas, Arugula & Bacon Salad' (URL: https://www.foodallergy.org/resources/feasting-fare-socca-crispy-chickpeas-arugula-bacon-salad)
2025-04-06 04:23:45,234 [INFO] FARE: Fetching URL: https://www.foodallergy.org/resources/feasting-fare-taquitos
2025-04-06 04:23:45,577 [INFO] FARE: Saved recipe: 'Feasting With FARE: Taquitos' (URL: https://www.foodallergy.org/resources/feasting-fare-taquitos)
2025-04-06 04:23:45,577 [INFO] FARE: Fetching URL: https://www.foodallergy.org/resources/feasting-fare-coconut-apricot-bliss-bars
2025-04-06 04:23:45,946 [INFO] FARE: Saved recipe: 'Feasting With FARE: Coconut-Apricot Bliss Bars' (URL: https://www.foodallergy.org/resources/feasting-fare-coconut-apricot-bliss-bars)
2025-04-06 04:23:45,946 [INFO] FARE: Fetching URL: https://www.foodallergy.org/resources/feasting-fare-top-10-free-stuffing
2025-04-06 04:23:46,305 [INFO] FARE: Saved recipe: 'Feasting With FARE: Top-10 Free Stuffing' (URL: https://www.foodallergy.org/resources/feasting-fare-top-10-free-stuffing)
2025-04-06 04:23:46,305 [INFO] FARE: Fetching URL: https://www.foodallergy.org/resources/feasting-fare-hot-chocolate-bombs
2025-04-06 04:23:46,642 [INFO] FARE: Saved recipe: 'Feasting With FARE: Hot Chocolate Bombs' (URL: https://www.foodallergy.org/resources/feasting-fare-hot-chocolate-bombs)
2025-04-06 04:23:46,642 [INFO] FARE: Fetching URL: https://www.foodallergy.org/resources/feasting-fare-never-nut-bars
2025-04-06 04:23:46,961 [INFO] FARE: Saved recipe: 'Feasting With FARE: Never Nut Bars' (URL: https://www.foodallergy.org/resources/feasting-fare-never-nut-bars)
2025-04-06 04:23:46,961 [INFO] FARE: Fetching URL: https://www.foodallergy.org/resources/feasting-fare-budgie-bars
2025-04-06 04:23:47,449 [INFO] FARE: Saved recipe: 'Feasting with FARE: Budgie Bars' (URL: https://www.foodallergy.org/resources/feasting-fare-budgie-bars)
2025-04-06 04:23:47,449 [INFO] FARE: Fetching URL: https://www.foodallergy.org/resources/feasting-fare-candy-sushi
2025-04-06 04:23:47,779 [INFO] FARE: Saved recipe: 'Feasting with FARE: Candy Sushi' (URL: https://www.foodallergy.org/resources/feasting-fare-candy-sushi)
2025-04-06 04:23:47,779 [INFO] FARE: Fetching URL: https://www.foodallergy.org/resources/feasting-fare-chicken-thighs-kale-and-cabbage
2025-04-06 04:23:48,239 [INFO] FARE: Saved recipe: 'Feasting With FARE: Chicken Thighs With Kale and Cabbage' (URL: https://www.foodallergy.org/resources/feasting-fare-chicken-thighs-kale-and-cabbage)
2025-04-06 04:23:48,239 [INFO] FARE: Fetching URL: https://www.foodallergy.org/resources/feasting-fare-smores-popcorn
2025-04-06 04:23:48,629 [INFO] FARE: Saved recipe: 'Feasting With FARE: S'mores Popcorn' (URL: https://www.foodallergy.org/resources/feasting-fare-smores-popcorn)
2025-04-06 04:23:48,629 [INFO] FARE: Fetching URL: https://www.foodallergy.org/resources/feasting-fare-salsa-verde
2025-04-06 04:23:49,072 [INFO] FARE: Saved recipe: 'Feasting With FARE: Salsa Verde' (URL: https://www.foodallergy.org/resources/feasting-fare-salsa-verde)
2025-04-06 04:23:49,072 [INFO] FARE: Fetching URL: https://www.foodallergy.org/resources/feasting-fare-chicken-sausage-gumbo
2025-04-06 04:23:49,401 [INFO] FARE: Saved recipe: 'Feasting With FARE: Chicken & Sausage Gumbo' (URL: https://www.foodallergy.org/resources/feasting-fare-chicken-sausage-gumbo)
2025-04-06 04:23:49,401 [INFO] FARE: Fetching URL: https://www.foodallergy.org/resources/feasting-fare-dorm-nachos
2025-04-06 04:23:49,846 [INFO] FARE: Saved recipe: 'Feasting With FARE: Dorm Nachos' (URL: https://www.foodallergy.org/resources/feasting-fare-dorm-nachos)
2025-04-06 04:23:49,846 [INFO] FARE: Fetching URL: https://www.foodallergy.org/resources/feasting-fare-sumac-grilled-lamb-chops-minted-chickpeas
2025-04-06 04:23:50,294 [INFO] FARE: Saved recipe: 'Feasting With FARE: Sumac Grilled Lamb Chops With Minted Chickpeas' (URL: https://www.foodallergy.org/resources/feasting-fare-sumac-grilled-lamb-chops-minted-chickpeas)
2025-04-06 04:23:50,294 [INFO] FARE: Fetching URL: https://www.foodallergy.org/resources/feasting-fare-chicken-teriyaki-bowl
2025-04-06 04:23:50,637 [INFO] FARE: Saved recipe: 'Feasting with FARE: Chicken Teriyaki Bowl' (URL: https://www.foodallergy.org/resources/feasting-fare-chicken-teriyaki-bowl)
2025-04-06 04:23:50,637 [INFO] FARE: Fetching URL: https://www.foodallergy.org/resources/feating-fare-chewy-cheerio-treats
2025-04-06 04:23:51,114 [INFO] FARE: Saved recipe: 'Feating With FARE: Chewy Cheerio Treats' (URL: https://www.foodallergy.org/resources/feating-fare-chewy-cheerio-treats)
2025-04-06 04:23:51,114 [INFO] FARE: Fetching URL: https://www.foodallergy.org/resources/feasting-fare-potato-salad
2025-04-06 04:23:51,595 [INFO] FARE: Saved recipe: 'Feasting With FARE: Potato Salad' (URL: https://www.foodallergy.org/resources/feasting-fare-potato-salad)
2025-04-06 04:23:51,595 [INFO] FARE: Fetching URL: https://www.foodallergy.org/resources/feasting-fare-lollipop-cookies
2025-04-06 04:23:51,939 [INFO] FARE: Saved recipe: 'Feasting With FARE: Lollipop Cookies' (URL: https://www.foodallergy.org/resources/feasting-fare-lollipop-cookies)
2025-04-06 04:23:51,939 [INFO] FARE: Fetching URL: https://www.foodallergy.org/resources/feasting-fare-creme-brulee
2025-04-06 04:23:52,422 [INFO] FARE: Saved recipe: 'Feasting With FARE: Creme Brulee' (URL: https://www.foodallergy.org/resources/feasting-fare-creme-brulee)
2025-04-06 04:23:52,422 [INFO] FARE: Fetching URL: https://www.foodallergy.org/resources/feasting-fare-creamiest-mashed-potatoes
2025-04-06 04:23:52,856 [INFO] FARE: Saved recipe: 'Feasting With FARE: Creamiest Mashed Potatoes' (URL: https://www.foodallergy.org/resources/feasting-fare-creamiest-mashed-potatoes)
2025-04-06 04:23:52,856 [INFO] FARE: Fetching URL: https://www.foodallergy.org/resources/feasting-fare-dairy-free-grilled-cheese
2025-04-06 04:23:53,201 [INFO] FARE: Saved recipe: 'Feasting With FARE: Dairy-Free Grilled Cheese' (URL: https://www.foodallergy.org/resources/feasting-fare-dairy-free-grilled-cheese)
2025-04-06 04:23:53,201 [INFO] FARE: Fetching URL: https://www.foodallergy.org/resources/feasting-fare-onion-bhaji-simon-majumdar
2025-04-06 04:23:53,694 [INFO] FARE: Saved recipe: 'Feasting With FARE: Onion Bhaji by Simon Majumdar' (URL: https://www.foodallergy.org/resources/feasting-fare-onion-bhaji-simon-majumdar)
2025-04-06 04:23:53,694 [INFO] FARE: Fetching URL: https://www.foodallergy.org/resources/feasting-fare-top-9-free-perfect-pumpkin-soup
2025-04-06 04:23:54,198 [INFO] FARE: Saved recipe: 'Feasting With FARE: Top 9 Free Perfect Pumpkin Soup' (URL: https://www.foodallergy.org/resources/feasting-fare-top-9-free-perfect-pumpkin-soup)
2025-04-06 04:23:54,198 [INFO] FARE: Fetching URL: https://www.foodallergy.org/resources/feasting-fare-summer-vegetable-gratin-simon-majumdar
2025-04-06 04:23:54,675 [INFO] FARE: Saved recipe: 'Feasting With FARE: Summer Vegetable Gratin by Simon Majumdar' (URL: https://www.foodallergy.org/resources/feasting-fare-summer-vegetable-gratin-simon-majumdar)
2025-04-06 04:23:54,675 [INFO] FARE: Fetching URL: https://www.foodallergy.org/resources/feasting-fare-mashed-potatoes
2025-04-06 04:23:54,989 [INFO] FARE: Saved recipe: 'Feasting With FARE: Mashed Potatoes' (URL: https://www.foodallergy.org/resources/feasting-fare-mashed-potatoes)
2025-04-06 04:23:54,989 [INFO] FARE: Fetching URL: https://www.foodallergy.org/resources/feasting-fare-pumpkin-pie
2025-04-06 04:23:55,500 [INFO] FARE: Saved recipe: 'Feasting With FARE: Pumpkin Pie' (URL: https://www.foodallergy.org/resources/feasting-fare-pumpkin-pie)
2025-04-06 04:23:55,500 [INFO] FARE: Fetching URL: https://www.foodallergy.org/resources/feasting-fare-dairy-free-ice-cream
2025-04-06 04:23:55,885 [INFO] FARE: Saved recipe: 'Feasting With FARE: Dairy-Free Ice Cream' (URL: https://www.foodallergy.org/resources/feasting-fare-dairy-free-ice-cream)
2025-04-06 04:23:55,885 [INFO] FARE: Fetching URL: https://www.foodallergy.org/resources/feasting-fare-summer-berry-trifle
2025-04-06 04:23:56,208 [INFO] FARE: Saved recipe: 'Feasting With FARE: Summer Berry Trifle' (URL: https://www.foodallergy.org/resources/feasting-fare-summer-berry-trifle)
2025-04-06 04:23:56,208 [INFO] FARE: Fetching URL: https://www.foodallergy.org/resources/feasting-fare-cornbread
2025-04-06 04:23:56,560 [INFO] FARE: Saved recipe: 'Feasting With FARE: Cornbread' (URL: https://www.foodallergy.org/resources/feasting-fare-cornbread)
2025-04-06 04:23:56,560 [INFO] FARE: Fetching URL: https://www.foodallergy.org/resources/feasting-fare-maple-glazed-ham
2025-04-06 04:23:56,889 [INFO] FARE: Saved recipe: 'Feasting With FARE: Maple Glazed Ham' (URL: https://www.foodallergy.org/resources/feasting-fare-maple-glazed-ham)
2025-04-06 04:23:56,889 [INFO] FARE: Fetching URL: https://www.foodallergy.org/resources/teal-holidays-recipes-and-entertaining-guide
2025-04-06 04:23:57,363 [INFO] FARE: Saved recipe: 'Teal Holidays: Recipes and Entertaining Guide' (URL: https://www.foodallergy.org/resources/teal-holidays-recipes-and-entertaining-guide)
2025-04-06 04:23:57,364 [INFO] FARE: Fetching URL: https://www.foodallergy.org/resources/feasting-fare-christmas-cookies-4-food-allergy-friendly-ways
2025-04-06 04:23:57,832 [INFO] FARE: Saved recipe: 'Feasting With FARE: Christmas Cookies - 4 Food Allergy Friendly Ways' (URL: https://www.foodallergy.org/resources/feasting-fare-christmas-cookies-4-food-allergy-friendly-ways)
2025-04-06 04:23:57,832 [INFO] FARE: Fetching URL: https://www.foodallergy.org/resources/feasting-fare-turkey-gravy
2025-04-06 04:23:58,180 [INFO] FARE: Saved recipe: 'Feasting With FARE: Turkey Gravy' (URL: https://www.foodallergy.org/resources/feasting-fare-turkey-gravy)
2025-04-06 04:23:58,181 [INFO] FARE: Fetching URL: https://www.foodallergy.org/resources/feasting-fare-pancakes
2025-04-06 04:23:58,634 [INFO] FARE: Saved recipe: 'Feasting With FARE: Pancakes' (URL: https://www.foodallergy.org/resources/feasting-fare-pancakes)
2025-04-06 04:23:58,635 [INFO] FARE: Fetching URL: https://www.foodallergy.org/resources/feasting-fare-santorini-fava
2025-04-06 04:23:59,077 [INFO] FARE: Saved recipe: 'Feasting with FARE: Santorini Fava' (URL: https://www.foodallergy.org/resources/feasting-fare-santorini-fava)
2025-04-06 04:23:59,077 [INFO] FARE: Fetching URL: https://www.foodallergy.org/resources/feasting-fare-chocolate-free-brownies
2025-04-06 04:23:59,443 [INFO] FARE: Saved recipe: 'Feasting With FARE: Chocolate-Free Brownies' (URL: https://www.foodallergy.org/resources/feasting-fare-chocolate-free-brownies)
2025-04-06 04:23:59,443 [INFO] FARE: Scraper finished for site: FARE
